<?xml version="1.0" encoding="UTF-8"?>
<!-- Generated by org.testng.reporters.JUnitXMLReporter -->
<testsuite hostname="REVATHIBABU" failures="0" tests="6" name=" Test Demo" time="1.722" errors="0" timestamp="24 Mar 2020 15:15:32 GMT">
  <testcase classname="vsc.test.LoginTest" name="Login1" time="0.016"/>
  <testcase classname="vsc.test.LoginTest" name="Login1" time="0.004"/>
  <testcase classname="vsc.test.LoginTest" name="Login3" time="0.003"/>
  <testcase classname="vsc.test.LoginTest" name="Login3" time="0.005"/>
  <testcase classname="vsc.test.LoginTest" name="Login4" time="0.002"/>
  <testcase classname="vsc.test.LoginTest" name="Login4" time="0.003"/>
</testsuite> <!--  Test Demo -->
