<?xml version="1.0" encoding="UTF-8"?>
<!-- Generated by org.testng.reporters.JUnitXMLReporter -->
<testsuite hostname="REVATHIBABU" failures="0" tests="6" name=" Test " time="16.379" errors="0" timestamp="25 Mar 2020 08:44:28 GMT">
  <testcase classname="vsc.test.LoginTest" name="Login1" time="0.012"/>
  <testcase classname="vsc.test.LoginTest" name="Login1" time="0.004"/>
  <testcase classname="vsc.test.LoginTest" name="Login3" time="0.006"/>
  <testcase classname="vsc.test.LoginTest" name="Login3" time="0.003"/>
  <testcase classname="vsc.test.LoginTest" name="Login4" time="0.007"/>
  <testcase classname="vsc.test.LoginTest" name="Login4" time="0.008"/>
</testsuite> <!--  Test  -->
